==3056694== Memcheck, a memory error detector
==3056694== Copyright (C) 2002-2024, and GNU GPL'd, by Julian Seward et al.
==3056694== Using Valgrind-3.24.0 and LibVEX; rerun with -h for copyright info
==3056694== Command: /usr/bin/python3 into.py --test --frames 10
==3056694== Parent PID: 2776379
==3056694== 
==3056694== 
==3056694== HEAP SUMMARY:
==3056694==     in use at exit: 401,874 bytes in 23 blocks
==3056694==   total heap usage: 9,648 allocs, 9,625 frees, 24,260,013 bytes allocated
==3056694== 
==3056694== LEAK SUMMARY:
==3056694==    definitely lost: 0 bytes in 0 blocks
==3056694==    indirectly lost: 0 bytes in 0 blocks
==3056694==      possibly lost: 0 bytes in 0 blocks
==3056694==    still reachable: 401,874 bytes in 23 blocks
==3056694==         suppressed: 0 bytes in 0 blocks
==3056694== Reachable blocks (those to which a pointer was found) are not shown.
==3056694== To see them, rerun with: --leak-check=full --show-leak-kinds=all
==3056694== 
==3056694== For lists of detected and suppressed errors, rerun with: -s
==3056694== ERROR SUMMARY: 0 errors from 0 contexts (suppressed: 0 from 0)
